<?xml version="1.0" encoding="UTF-8"?>
<!-- Generated by org.testng.reporters.JUnitReportReporter -->
<testsuite skipped="0" hostname="LassiMedha" name="com.tests.TestNGTests" tests="1" failures="0" timestamp="2023-03-23T08:01:15 IST" time="0.011" errors="0">
  <testcase name="testCase1" time="0.011" classname="com.tests.TestNGTests"/>
  <system-out/>
</testsuite> <!-- com.tests.TestNGTests -->
